<?xml version="1.0" encoding="UTF-8"?>
<testsuite name="kr.ac.jejunu.UserDaoTests" tests="4" skipped="0" failures="0" errors="0" timestamp="2022-04-01T09:17:37" hostname="DESKTOP-NLB4MT7" time="0.836">
  <properties/>
  <testcase name="delete()" classname="kr.ac.jejunu.UserDaoTests" time="0.588"/>
  <testcase name="insert()" classname="kr.ac.jejunu.UserDaoTests" time="0.087"/>
  <testcase name="update()" classname="kr.ac.jejunu.UserDaoTests" time="0.117"/>
  <testcase name="findById()" classname="kr.ac.jejunu.UserDaoTests" time="0.04"/>
  <system-out><![CDATA[]]></system-out>
  <system-err><![CDATA[]]></system-err>
</testsuite>
