<?xml version="1.0" encoding="UTF-8"?>
<testsuite name="kr.ac.jejunu.UserDaoTests" tests="4" skipped="0" failures="0" errors="0" timestamp="2022-03-25T08:35:01" hostname="DESKTOP-NLB4MT7" time="0.886">
  <properties/>
  <testcase name="insert()" classname="kr.ac.jejunu.UserDaoTests" time="0.697"/>
  <testcase name="findById()" classname="kr.ac.jejunu.UserDaoTests" time="0.041"/>
  <testcase name="findByIdForHalla()" classname="kr.ac.jejunu.UserDaoTests" time="0.043"/>
  <testcase name="insertForHalla()" classname="kr.ac.jejunu.UserDaoTests" time="0.102"/>
  <system-out><![CDATA[]]></system-out>
  <system-err><![CDATA[]]></system-err>
</testsuite>
