<?xml version="1.0" encoding="UTF-8"?>
<testsuite name="kr.ac.jejunu.UserDaoTests" tests="4" skipped="0" failures="0" errors="0" timestamp="2022-04-08T07:53:18" hostname="DESKTOP-NLB4MT7" time="0.925">
  <properties/>
  <testcase name="delete()" classname="kr.ac.jejunu.UserDaoTests" time="0.608"/>
  <testcase name="insert()" classname="kr.ac.jejunu.UserDaoTests" time="0.102"/>
  <testcase name="update()" classname="kr.ac.jejunu.UserDaoTests" time="0.17"/>
  <testcase name="findById()" classname="kr.ac.jejunu.UserDaoTests" time="0.042"/>
  <system-out><![CDATA[]]></system-out>
  <system-err><![CDATA[]]></system-err>
</testsuite>
